<?xml version="1.0" encoding="UTF-8"?>
<testng-results skipped="0" failed="0" ignored="0" total="1" passed="1">
  <reporter-output>
  </reporter-output>
  <suite name="Default suite" duration-ms="38145" started-at="2019-02-19T12:58:45Z" finished-at="2019-02-19T12:59:23Z">
    <groups>
    </groups>
    <test name="Default test" duration-ms="38145" started-at="2019-02-19T12:58:45Z" finished-at="2019-02-19T12:59:23Z">
      <class name="com.Arvind.DeepSelenium.ScreenShot">
        <test-method status="PASS" signature="captureScreenMethod()[pri:0, instance:com.Arvind.DeepSelenium.ScreenShot@4b952a2d]" name="captureScreenMethod" duration-ms="38107" started-at="2019-02-19T12:58:45Z" finished-at="2019-02-19T12:59:23Z">
          <reporter-output>
          </reporter-output>
        </test-method> <!-- captureScreenMethod -->
      </class> <!-- com.Arvind.DeepSelenium.ScreenShot -->
    </test> <!-- Default test -->
  </suite> <!-- Default suite -->
</testng-results>
